<?xml version="1.0" encoding="UTF-8"?>
<!-- Generated by org.testng.reporters.JUnitReportReporter -->
<testsuite hostname="DESKTOP-28HP84Q" failures="0" tests="3" name="testng.LoanTest" time="0.019" errors="0" timestamp="15 Dec 2023 13:42:36 GMT" skipped="0">
  <testcase classname="testng.LoanTest" name="TC00_PersonalLoanTest" time="0.009"/>
  <testcase classname="testng.LoanTest" name="TC02_CarLoanTest" time="0.002"/>
  <testcase classname="testng.LoanTest" name="TC01_HomeLoanTest" time="0.008"/>
</testsuite> <!-- testng.LoanTest -->
