<?xml version="1.0" encoding="UTF-8"?>
<!-- Generated by org.testng.reporters.JUnitReportReporter -->
<testsuite hostname="DESKTOP-28HP84Q" failures="0" tests="1" name="testng.CardTest" time="0.013" errors="0" timestamp="01 Dec 2023 15:39:22 GMT" skipped="0">
  <testcase classname="testng.CardTest" name="TC01_CrediteCardTest" time="0.013"/>
</testsuite> <!-- testng.CardTest -->
